Grammar

    0 $accept: S $end

    1 S: S E '\n'
    2  | S '\n'
    3  | ε

    4 E: E '+' E
    5  | E '*' E
    6  | E '/' E
    7  | E '-' E
    8  | T_Num
    9  | '(' E ')'


Terminals, with rules where they appear

    $end (0) 0
    '\n' (10) 1 2
    '(' (40) 9
    ')' (41) 9
    '*' (42) 5
    '+' (43) 4
    '-' (45) 7
    '/' (47) 6
    error (256)
    T_Num (258) 8


Nonterminals, with rules where they appear

    $accept (11)
        on left: 0
    S (12)
        on left: 1 2 3
        on right: 0 1 2
    E (13)
        on left: 4 5 6 7 8 9
        on right: 1 4 5 6 7 9


State 0

    0 $accept: • S $end

    $default  reduce using rule 3 (S)

    S  go to state 1


State 1

    0 $accept: S • $end
    1 S: S • E '\n'
    2  | S • '\n'

    $end   shift, and go to state 2
    T_Num  shift, and go to state 3
    '\n'   shift, and go to state 4
    '('    shift, and go to state 5

    E  go to state 6


State 2

    0 $accept: S $end •

    $default  accept


State 3

    8 E: T_Num •

    $default  reduce using rule 8 (E)


State 4

    2 S: S '\n' •

    $default  reduce using rule 2 (S)


State 5

    9 E: '(' • E ')'

    T_Num  shift, and go to state 3
    '('    shift, and go to state 5

    E  go to state 7


State 6

    1 S: S E • '\n'
    4 E: E • '+' E
    5  | E • '*' E
    6  | E • '/' E
    7  | E • '-' E

    '+'   shift, and go to state 8
    '-'   shift, and go to state 9
    '*'   shift, and go to state 10
    '/'   shift, and go to state 11
    '\n'  shift, and go to state 12


State 7

    4 E: E • '+' E
    5  | E • '*' E
    6  | E • '/' E
    7  | E • '-' E
    9  | '(' E • ')'

    '+'  shift, and go to state 8
    '-'  shift, and go to state 9
    '*'  shift, and go to state 10
    '/'  shift, and go to state 11
    ')'  shift, and go to state 13


State 8

    4 E: E '+' • E

    T_Num  shift, and go to state 3
    '('    shift, and go to state 5

    E  go to state 14


State 9

    7 E: E '-' • E

    T_Num  shift, and go to state 3
    '('    shift, and go to state 5

    E  go to state 15


State 10

    5 E: E '*' • E

    T_Num  shift, and go to state 3
    '('    shift, and go to state 5

    E  go to state 16


State 11

    6 E: E '/' • E

    T_Num  shift, and go to state 3
    '('    shift, and go to state 5

    E  go to state 17


State 12

    1 S: S E '\n' •

    $default  reduce using rule 1 (S)


State 13

    9 E: '(' E ')' •

    $default  reduce using rule 9 (E)


State 14

    4 E: E • '+' E
    4  | E '+' E •
    5  | E • '*' E
    6  | E • '/' E
    7  | E • '-' E

    '*'  shift, and go to state 10
    '/'  shift, and go to state 11

    $default  reduce using rule 4 (E)


State 15

    4 E: E • '+' E
    5  | E • '*' E
    6  | E • '/' E
    7  | E • '-' E
    7  | E '-' E •

    '*'  shift, and go to state 10
    '/'  shift, and go to state 11

    $default  reduce using rule 7 (E)


State 16

    4 E: E • '+' E
    5  | E • '*' E
    5  | E '*' E •
    6  | E • '/' E
    7  | E • '-' E

    $default  reduce using rule 5 (E)


State 17

    4 E: E • '+' E
    5  | E • '*' E
    6  | E • '/' E
    6  | E '/' E •
    7  | E • '-' E

    $default  reduce using rule 6 (E)
